<?xml version="1.0" encoding="UTF-8"?>
<testng-results skipped="0" failed="0" total="1" passed="1">
  <reporter-output>
  </reporter-output>
  <suite name="Default suite" duration-ms="23929" started-at="2017-10-16T13:54:40Z" finished-at="2017-10-16T13:55:04Z">
    <groups>
    </groups>
    <test name="Default test" duration-ms="23929" started-at="2017-10-16T13:54:40Z" finished-at="2017-10-16T13:55:04Z">
      <class name="reusabletest.PreCheckByServiceID">
        <test-method status="PASS" signature="setUp()[pri:0, instance:reusabletest.PreCheckByServiceID@64bf3bbf]" name="setUp" is-config="true" duration-ms="10099" started-at="2017-10-16T15:54:40Z" finished-at="2017-10-16T15:54:50Z">
          <reporter-output>
          </reporter-output>
        </test-method> <!-- setUp -->
        <test-method status="PASS" signature="test()[pri:0, instance:reusabletest.PreCheckByServiceID@64bf3bbf]" name="test" duration-ms="13062" started-at="2017-10-16T15:54:50Z" finished-at="2017-10-16T15:55:03Z">
          <reporter-output>
          </reporter-output>
        </test-method> <!-- test -->
        <test-method status="PASS" signature="tear()[pri:0, instance:reusabletest.PreCheckByServiceID@64bf3bbf]" name="tear" is-config="true" duration-ms="739" started-at="2017-10-16T15:55:03Z" finished-at="2017-10-16T15:55:04Z">
          <reporter-output>
          </reporter-output>
        </test-method> <!-- tear -->
      </class> <!-- reusabletest.PreCheckByServiceID -->
    </test> <!-- Default test -->
  </suite> <!-- Default suite -->
</testng-results>
